app/build/intermediates/manifest_merge_blame_file/debug/manifest-merger-blame-debug-report.txt
1<?xml version="1.0" encoding="utf-8"?>
2<manifest xmlns:android="http://schemas.android.com/apk/res/android"
3    package="com.example.banking"
4    android:versionCode="1"
5    android:versionName="1.0" >
6
7    <uses-sdk
8        android:minSdkVersion="16"
8-->src\main\AndroidManifest.xml
9        android:targetSdkVersion="30" />
9-->src\main\AndroidManifest.xml
10
11    <application
11-->src\main\AndroidManifest.xml:5:5-31:19
12        android:allowBackup="true"
12-->src\main\AndroidManifest.xml:6:9-35
13        android:appComponentFactory="androidx.core.app.CoreComponentFactory"
13-->[androidx.core:core:1.3.1] AndroidManifest.xml:24:18-86
14        android:debuggable="true"
15        android:icon="@mipmap/ic_launcher"
15-->src\main\AndroidManifest.xml:7:9-43
16        android:label="@string/app_name"
16-->src\main\AndroidManifest.xml:8:9-41
17        android:roundIcon="@mipmap/ic_launcher_round"
17-->src\main\AndroidManifest.xml:9:9-54
18        android:supportsRtl="true"
18-->src\main\AndroidManifest.xml:10:9-35
19        android:testOnly="true"
20        android:theme="@style/AppTheme.NoActionBar" >
20-->src\main\AndroidManifest.xml:11:9-52
21        <activity android:name="com.example.banking.Activity.TransactionHistory" />
21-->src\main\AndroidManifest.xml:12:9-74
21-->src\main\AndroidManifest.xml:12:19-62
22        <activity android:name="com.example.banking.Activity.SendTo" />
22-->src\main\AndroidManifest.xml:13:9-53
22-->src\main\AndroidManifest.xml:13:19-50
23        <activity android:name="com.example.banking.Activity.UserDetails" />
23-->src\main\AndroidManifest.xml:14:9-58
23-->src\main\AndroidManifest.xml:14:19-55
24        <activity
24-->src\main\AndroidManifest.xml:15:9-18:20
25            android:name="com.example.banking.Activity.MainActivity"
25-->src\main\AndroidManifest.xml:15:19-56
26            android:theme="@style/AppTheme.NoActionBar" >
26-->src\main\AndroidManifest.xml:16:13-56
27        </activity>
28        <activity android:name="com.example.banking.Activity.Start" />
28-->src\main\AndroidManifest.xml:19:9-52
28-->src\main\AndroidManifest.xml:19:19-49
29        <activity android:name="com.example.banking.Activity.Splash" >
29-->src\main\AndroidManifest.xml:20:9-26:20
29-->src\main\AndroidManifest.xml:20:19-50
30            <intent-filter>
30-->src\main\AndroidManifest.xml:21:13-25:29
31                <action android:name="android.intent.action.MAIN" />
31-->src\main\AndroidManifest.xml:22:17-69
31-->src\main\AndroidManifest.xml:22:25-66
32
33                <category android:name="android.intent.category.LAUNCHER" />
33-->src\main\AndroidManifest.xml:24:17-76
33-->src\main\AndroidManifest.xml:24:27-74
34            </intent-filter>
35        </activity>
36
37        <meta-data
37-->src\main\AndroidManifest.xml:28:9-30:57
38            android:name="preloaded_fonts"
38-->src\main\AndroidManifest.xml:29:13-43
39            android:resource="@array/preloaded_fonts" />
39-->src\main\AndroidManifest.xml:30:13-54
40    </application>
41
42</manifest>